[0405/170122.985:ERROR:process_memory_win.cc(73)] ReadMemory at 0x7ff6e0b80000 of 64 bytes failed: Only part of a ReadProcessMemory or WriteProcessMemory request was completed. (0x12B)
[0405/170122.988:WARNING:pe_image_reader.cc(340)] could not read dos header from C:\Program Files (x86)\Google\Chrome\Application\chrome.exe
[0405/170122.988:ERROR:process_memory_win.cc(73)] ReadMemory at 0x7ffda4d80000 of 64 bytes failed: Only part of a ReadProcessMemory or WriteProcessMemory request was completed. (0x12B)
[0405/170122.988:WARNING:pe_image_reader.cc(340)] could not read dos header from C:\windows\SYSTEM32\ntdll.dll
[0405/170122.989:ERROR:process_memory_win.cc(73)] ReadMemory at 0x7ffda3280000 of 64 bytes failed: Only part of a ReadProcessMemory or WriteProcessMemory request was completed. (0x12B)
[0405/170122.989:WARNING:pe_image_reader.cc(340)] could not read dos header from C:\windows\System32\KERNEL32.DLL
[0405/170122.989:ERROR:process_memory_win.cc(73)] ReadMemory at 0x7ffda2a20000 of 64 bytes failed: Only part of a ReadProcessMemory or WriteProcessMemory request was completed. (0x12B)
[0405/170122.989:WARNING:pe_image_reader.cc(340)] could not read dos header from C:\windows\System32\KERNELBASE.dll
[0405/170122.989:ERROR:process_memory_win.cc(73)] ReadMemory at 0x7ffd76000000 of 64 bytes failed: Only part of a ReadProcessMemory or WriteProcessMemory request was completed. (0x12B)
[0405/170122.989:WARNING:pe_image_reader.cc(340)] could not read dos header from C:\Program Files (x86)\Google\Chrome\Application\80.0.3987.163\chrome_elf.dll
[0405/170122.989:ERROR:process_memory_win.cc(73)] ReadMemory at 0x7ffd9b500000 of 64 bytes failed: Only part of a ReadProcessMemory or WriteProcessMemory request was completed. (0x12B)
[0405/170122.989:WARNING:pe_image_reader.cc(340)] could not read dos header from C:\windows\SYSTEM32\VERSION.dll
[0405/170122.989:ERROR:process_memory_win.cc(73)] ReadMemory at 0x28632ea0000 of 64 bytes failed: Only part of a ReadProcessMemory or WriteProcessMemory request was completed. (0x12B)
[0405/170122.989:WARNING:pe_image_reader.cc(340)] could not read dos header from C:\windows\System32\msvcrt.dll
[0405/170122.989:ERROR:process_memory_win.cc(73)] ReadMemory at 0x7ffda1e40000 of 64 bytes failed: Only part of a ReadProcessMemory or WriteProcessMemory request was completed. (0x12B)
[0405/170122.989:WARNING:pe_image_reader.cc(340)] could not read dos header from C:\windows\System32\bcryptPrimitives.dll
[0405/170122.990:ERROR:process_memory_win.cc(73)] ReadMemory at 0x7ffda3410000 of 64 bytes failed: Only part of a ReadProcessMemory or WriteProcessMemory request was completed. (0x12B)
[0405/170122.990:WARNING:pe_image_reader.cc(340)] could not read dos header from C:\windows\System32\ADVAPI32.dll
[0405/170122.990:ERROR:process_memory_win.cc(73)] ReadMemory at 0x7ffda4940000 of 64 bytes failed: Only part of a ReadProcessMemory or WriteProcessMemory request was completed. (0x12B)
[0405/170122.990:WARNING:pe_image_reader.cc(340)] could not read dos header from C:\windows\System32\sechost.dll
[0405/170122.990:ERROR:process_memory_win.cc(73)] ReadMemory at 0x7ffda36c0000 of 64 bytes failed: Only part of a ReadProcessMemory or WriteProcessMemory request was completed. (0x12B)
[0405/170122.990:WARNING:pe_image_reader.cc(340)] could not read dos header from C:\windows\System32\RPCRT4.dll
[0405/170122.990:ERROR:process_memory_win.cc(73)] ReadMemory at 0x7ffd28ce0000 of 64 bytes failed: Only part of a ReadProcessMemory or WriteProcessMemory request was completed. (0x12B)
[0405/170122.990:WARNING:pe_image_reader.cc(340)] could not read dos header from C:\Program Files (x86)\Google\Chrome\Application\80.0.3987.163\chrome.dll
[0405/170122.990:ERROR:process_memory_win.cc(73)] ReadMemory at 0x7ffda3840000 of 64 bytes failed: Only part of a ReadProcessMemory or WriteProcessMemory request was completed. (0x12B)
[0405/170122.990:WARNING:pe_image_reader.cc(340)] could not read dos header from C:\windows\System32\WS2_32.dll
[0405/170122.990:ERROR:process_memory_win.cc(73)] ReadMemory at 0x7ffda2e30000 of 64 bytes failed: Only part of a ReadProcessMemory or WriteProcessMemory request was completed. (0x12B)
[0405/170122.990:WARNING:pe_image_reader.cc(340)] could not read dos header from C:\windows\System32\OLEAUT32.dll
[0405/170122.990:ERROR:process_memory_win.cc(73)] ReadMemory at 0x7ffda2830000 of 64 bytes failed: Only part of a ReadProcessMemory or WriteProcessMemory request was completed. (0x12B)
[0405/170122.990:WARNING:pe_image_reader.cc(340)] could not read dos header from C:\windows\System32\msvcp_win.dll
[0405/170122.990:ERROR:process_memory_win.cc(73)] ReadMemory at 0x7ffda2cd0000 of 64 bytes failed: Only part of a ReadProcessMemory or WriteProcessMemory request was completed. (0x12B)
[0405/170122.990:WARNING:pe_image_reader.cc(340)] could not read dos header from C:\windows\System32\ucrtbase.dll
[0405/170122.991:ERROR:process_memory_win.cc(73)] ReadMemory at 0x7ffda38d0000 of 64 bytes failed: Only part of a ReadProcessMemory or WriteProcessMemory request was completed. (0x12B)
[0405/170122.991:WARNING:pe_image_reader.cc(340)] could not read dos header from C:\windows\System32\combase.dll
[0405/170122.991:ERROR:process_memory_win.cc(73)] ReadMemory at 0x7ffda2dd0000 of 64 bytes failed: Only part of a ReadProcessMemory or WriteProcessMemory request was completed. (0x12B)
[0405/170122.991:WARNING:pe_image_reader.cc(340)] could not read dos header from C:\windows\System32\WINTRUST.dll
[0405/170122.991:ERROR:process_memory_win.cc(73)] ReadMemory at 0x7ffda1cf0000 of 64 bytes failed: Only part of a ReadProcessMemory or WriteProcessMemory request was completed. (0x12B)
[0405/170122.991:WARNING:pe_image_reader.cc(340)] could not read dos header from C:\windows\System32\MSASN1.dll
[0405/170122.991:ERROR:process_memory_win.cc(73)] ReadMemory at 0x7ffda28d0000 of 64 bytes failed: Only part of a ReadProcessMemory or WriteProcessMemory request was completed. (0x12B)
[0405/170122.991:WARNING:pe_image_reader.cc(340)] could not read dos header from C:\windows\System32\CRYPT32.dll
[0405/170122.991:ERROR:process_memory_win.cc(73)] ReadMemory at 0x7ffda11c0000 of 64 bytes failed: Only part of a ReadProcessMemory or WriteProcessMemory request was completed. (0x12B)
[0405/170122.991:WARNING:pe_image_reader.cc(340)] could not read dos header from C:\windows\SYSTEM32\IPHLPAPI.DLL
[0405/170122.991:ERROR:process_memory_win.cc(73)] ReadMemory at 0x7ffd9c3e0000 of 64 bytes failed: Only part of a ReadProcessMemory or WriteProcessMemory request was completed. (0x12B)
[0405/170122.991:WARNING:pe_image_reader.cc(340)] could not read dos header from C:\windows\SYSTEM32\WINMM.dll
[0405/170122.991:ERROR:process_memory_win.cc(73)] ReadMemory at 0x7ffd81370000 of 64 bytes failed: Only part of a ReadProcessMemory or WriteProcessMemory request was completed. (0x12B)
[0405/170122.991:WARNING:pe_image_reader.cc(340)] could not read dos header from C:\windows\SYSTEM32\Secur32.dll
[0405/170122.991:ERROR:process_memory_win.cc(73)] ReadMemory at 0x7ffda1b60000 of 64 bytes failed: Only part of a ReadProcessMemory or WriteProcessMemory request was completed. (0x12B)
[0405/170122.991:WARNING:pe_image_reader.cc(340)] could not read dos header from C:\windows\SYSTEM32\USERENV.dll
[0405/170122.991:ERROR:process_memory_win.cc(73)] ReadMemory at 0x7ffda1c70000 of 64 bytes failed: Only part of a ReadProcessMemory or WriteProcessMemory request was completed. (0x12B)
[0405/170122.991:WARNING:pe_image_reader.cc(340)] could not read dos header from C:\windows\System32\profapi.dll
[0405/170122.991:ERROR:process_memory_win.cc(73)] ReadMemory at 0x7ffd75cd0000 of 64 bytes failed: Only part of a ReadProcessMemory or WriteProcessMemory request was completed. (0x12B)
[0405/170122.991:WARNING:pe_image_reader.cc(340)] could not read dos header from C:\windows\SYSTEM32\UIAutomationCore.DLL
[0405/170122.991:ERROR:process_memory_win.cc(73)] ReadMemory at 0x7ffd88c70000 of 64 bytes failed: Only part of a ReadProcessMemory or WriteProcessMemory request was completed. (0x12B)
[0405/170122.991:WARNING:pe_image_reader.cc(340)] could not read dos header from C:\windows\SYSTEM32\DWrite.dll
[0405/170122.991:ERROR:process_memory_win.cc(73)] ReadMemory at 0x7ffd7a4f0000 of 64 bytes failed: Only part of a ReadProcessMemory or WriteProcessMemory request was completed. (0x12B)
[0405/170122.991:WARNING:pe_image_reader.cc(340)] could not read dos header from C:\windows\SYSTEM32\WINSPOOL.DRV
[0405/170122.992:ERROR:process_memory_win.cc(73)] ReadMemory at 0x7ffda1c50000 of 64 bytes failed: Only part of a ReadProcessMemory or WriteProcessMemory request was completed. (0x12B)
[0405/170122.992:WARNING:pe_image_reader.cc(340)] could not read dos header from C:\windows\System32\kernel.appcore.dll
[0405/170122.992:ERROR:process_memory_win.cc(73)] ReadMemory at 0x7ffda1d10000 of 64 bytes failed: Only part of a ReadProcessMemory or WriteProcessMemory request was completed. (0x12B)
[0405/170122.992:WARNING:pe_image_reader.cc(340)] could not read dos header from C:\windows\System32\bcrypt.dll
[0405/170122.992:ERROR:process_memory_win.cc(73)] ReadMemory at 0x7ffda0580000 of 64 bytes failed: Only part of a ReadProcessMemory or WriteProcessMemory request was completed. (0x12B)
[0405/170122.992:WARNING:pe_image_reader.cc(340)] could not read dos header from C:\windows\SYSTEM32\dbghelp.dll
[0405/170122.992:ERROR:process_memory_win.cc(73)] ReadMemory at 0x7ffd97020000 of 64 bytes failed: Only part of a ReadProcessMemory or WriteProcessMemory request was completed. (0x12B)
[0405/170122.992:WARNING:pe_image_reader.cc(340)] could not read dos header from C:\windows\SYSTEM32\WINHTTP.dll
[0405/170122.992:ERROR:process_memory_win.cc(73)] ReadMemory at 0x7ffd973c0000 of 64 bytes failed: Only part of a ReadProcessMemory or WriteProcessMemory request was completed. (0x12B)
[0405/170122.992:WARNING:pe_image_reader.cc(340)] could not read dos header from C:\windows\SYSTEM32\dhcpcsvc.DLL
[0405/170122.992:ERROR:process_memory_win.cc(73)] ReadMemory at 0x7ffda2fd0000 of 64 bytes failed: Only part of a ReadProcessMemory or WriteProcessMemory request was completed. (0x12B)
[0405/170122.992:WARNING:pe_image_reader.cc(340)] could not read dos header from C:\windows\System32\NSI.dll
[0405/170122.992:ERROR:process_memory_win.cc(73)] ReadMemory at 0x7ffd9c3b0000 of 64 bytes failed: Only part of a ReadProcessMemory or WriteProcessMemory request was completed. (0x12B)
[0405/170122.992:WARNING:pe_image_reader.cc(340)] could not read dos header from C:\windows\SYSTEM32\WINMMBASE.dll
[0405/170122.992:ERROR:process_memory_win.cc(73)] ReadMemory at 0x7ffda1d40000 of 64 bytes failed: Only part of a ReadProcessMemory or WriteProcessMemory request was completed. (0x12B)
[0405/170122.992:WARNING:pe_image_reader.cc(340)] could not read dos header from C:\windows\System32\cfgmgr32.dll
[0405/170122.992:ERROR:process_memory_win.cc(73)] ReadMemory at 0x7ffd9f9a0000 of 64 bytes failed: Only part of a ReadProcessMemory or WriteProcessMemory request was completed. (0x12B)
[0405/170122.992:WARNING:pe_image_reader.cc(340)] could not read dos header from C:\windows\SYSTEM32\PROPSYS.dll
[0405/170122.992:ERROR:process_memory_win.cc(73)] ReadMemory at 0x7ffda4a60000 of 64 bytes failed: Only part of a ReadProcessMemory or WriteProcessMemory request was completed. (0x12B)
[0405/170122.992:WARNING:pe_image_reader.cc(340)] could not read dos header from C:\windows\System32\shcore.dll
[0405/170122.992:ERROR:process_memory_win.cc(73)] ReadMemory at 0x7ffda1b30000 of 64 bytes failed: Only part of a ReadProcessMemory or WriteProcessMemory request was completed. (0x12B)
[0405/170122.992:WARNING:pe_image_reader.cc(340)] could not read dos header from C:\windows\SYSTEM32\SSPICLI.DLL
[0405/170122.992:ERROR:process_memory_win.cc(73)] ReadMemory at 0x7ffda4250000 of 64 bytes failed: Only part of a ReadProcessMemory or WriteProcessMemory request was completed. (0x12B)
[0405/170122.992:WARNING:pe_image_reader.cc(340)] could not read dos header from C:\windows\System32\SHELL32.dll
[0405/170122.992:ERROR:process_memory_win.cc(73)] ReadMemory at 0x7ffda20b0000 of 64 bytes failed: Only part of a ReadProcessMemory or WriteProcessMemory request was completed. (0x12B)
[0405/170122.992:WARNING:pe_image_reader.cc(340)] could not read dos header from C:\windows\System32\windows.storage.dll
[0405/170122.992:ERROR:process_memory_win.cc(73)] ReadMemory at 0x7ffda1ca0000 of 64 bytes failed: Only part of a ReadProcessMemory or WriteProcessMemory request was completed. (0x12B)
[0405/170122.992:WARNING:pe_image_reader.cc(340)] could not read dos header from C:\windows\System32\powrprof.dll
[0405/170122.992:ERROR:process_memory_win.cc(73)] ReadMemory at 0x7ffda1c40000 of 64 bytes failed: Only part of a ReadProcessMemory or WriteProcessMemory request was completed. (0x12B)
[0405/170122.993:WARNING:pe_image_reader.cc(340)] could not read dos header from C:\windows\System32\UMPDC.dll
[0405/170122.993:ERROR:process_memory_win.cc(73)] ReadMemory at 0x7ffda3660000 of 64 bytes failed: Only part of a ReadProcessMemory or WriteProcessMemory request was completed. (0x12B)
[0405/170122.993:WARNING:pe_image_reader.cc(340)] could not read dos header from C:\windows\System32\shlwapi.dll
[0405/170122.993:ERROR:process_memory_win.cc(73)] ReadMemory at 0x7ffda33e0000 of 64 bytes failed: Only part of a ReadProcessMemory or WriteProcessMemory request was completed. (0x12B)
[0405/170122.993:WARNING:pe_image_reader.cc(340)] could not read dos header from C:\windows\System32\GDI32.dll
[0405/170122.993:ERROR:process_memory_win.cc(73)] ReadMemory at 0x7ffda2080000 of 64 bytes failed: Only part of a ReadProcessMemory or WriteProcessMemory request was completed. (0x12B)
[0405/170122.993:WARNING:pe_image_reader.cc(340)] could not read dos header from C:\windows\System32\win32u.dll
[0405/170122.993:ERROR:process_memory_win.cc(73)] ReadMemory at 0x7ffda1ee0000 of 64 bytes failed: Only part of a ReadProcessMemory or WriteProcessMemory request was completed. (0x12B)
[0405/170122.993:WARNING:pe_image_reader.cc(340)] could not read dos header from C:\windows\System32\gdi32full.dll
[0405/170122.993:ERROR:process_memory_win.cc(73)] ReadMemory at 0x28634b70000 of 64 bytes failed: Only part of a ReadProcessMemory or WriteProcessMemory request was completed. (0x12B)
[0405/170122.993:WARNING:pe_image_reader.cc(340)] could not read dos header from C:\windows\System32\USER32.dll
[0405/170122.993:ERROR:process_memory_win.cc(73)] ReadMemory at 0x7ffda1ec0000 of 64 bytes failed: Only part of a ReadProcessMemory or WriteProcessMemory request was completed. (0x12B)
[0405/170122.993:WARNING:pe_image_reader.cc(340)] could not read dos header from C:\windows\System32\cryptsp.dll
[0405/170122.993:ERROR:process_memory_win.cc(73)] ReadMemory at 0x7ffda4d10000 of 64 bytes failed: Only part of a ReadProcessMemory or WriteProcessMemory request was completed. (0x12B)
[0405/170122.993:WARNING:pe_image_reader.cc(340)] could not read dos header from C:\windows\System32\IMM32.DLL
[0405/170122.993:ERROR:process_memory_win.cc(73)] ReadMemory at 0x7ffda1680000 of 64 bytes failed: Only part of a ReadProcessMemory or WriteProcessMemory request was completed. (0x12B)
[0405/170122.993:WARNING:pe_image_reader.cc(340)] could not read dos header from C:\windows\SYSTEM32\CRYPTBASE.DLL
[0405/170122.993:ERROR:process_memory_win.cc(73)] ReadMemory at 0x7ff6e0b80000 of 64 bytes failed: Only part of a ReadProcessMemory or WriteProcessMemory request was completed. (0x12B)
[0405/170122.993:WARNING:pe_image_reader.cc(340)] could not read dos header from C:\Program Files (x86)\Google\Chrome\Application\chrome.exe
[0405/170122.993:ERROR:process_memory_win.cc(73)] ReadMemory at 0x7ffda4d80000 of 64 bytes failed: Only part of a ReadProcessMemory or WriteProcessMemory request was completed. (0x12B)
[0405/170122.993:WARNING:pe_image_reader.cc(340)] could not read dos header from C:\windows\SYSTEM32\ntdll.dll
[0405/170122.994:ERROR:process_memory_win.cc(73)] ReadMemory at 0x7ffda3280000 of 64 bytes failed: Only part of a ReadProcessMemory or WriteProcessMemory request was completed. (0x12B)
[0405/170122.994:WARNING:pe_image_reader.cc(340)] could not read dos header from C:\windows\System32\KERNEL32.DLL
[0405/170122.994:ERROR:process_memory_win.cc(73)] ReadMemory at 0x7ffda2a20000 of 64 bytes failed: Only part of a ReadProcessMemory or WriteProcessMemory request was completed. (0x12B)
[0405/170122.994:WARNING:pe_image_reader.cc(340)] could not read dos header from C:\windows\System32\KERNELBASE.dll
[0405/170122.994:ERROR:process_memory_win.cc(73)] ReadMemory at 0x7ffd76000000 of 64 bytes failed: Only part of a ReadProcessMemory or WriteProcessMemory request was completed. (0x12B)
[0405/170122.994:WARNING:pe_image_reader.cc(340)] could not read dos header from C:\Program Files (x86)\Google\Chrome\Application\80.0.3987.163\chrome_elf.dll
[0405/170122.994:ERROR:process_memory_win.cc(73)] ReadMemory at 0x7ffd9b500000 of 64 bytes failed: Only part of a ReadProcessMemory or WriteProcessMemory request was completed. (0x12B)
[0405/170122.994:WARNING:pe_image_reader.cc(340)] could not read dos header from C:\windows\SYSTEM32\VERSION.dll
[0405/170122.994:ERROR:process_memory_win.cc(73)] ReadMemory at 0x28632ea0000 of 64 bytes failed: Only part of a ReadProcessMemory or WriteProcessMemory request was completed. (0x12B)
[0405/170122.994:WARNING:pe_image_reader.cc(340)] could not read dos header from C:\windows\System32\msvcrt.dll
[0405/170122.994:ERROR:process_memory_win.cc(73)] ReadMemory at 0x7ffda1e40000 of 64 bytes failed: Only part of a ReadProcessMemory or WriteProcessMemory request was completed. (0x12B)
[0405/170122.994:WARNING:pe_image_reader.cc(340)] could not read dos header from C:\windows\System32\bcryptPrimitives.dll
[0405/170122.994:ERROR:process_memory_win.cc(73)] ReadMemory at 0x7ffda3410000 of 64 bytes failed: Only part of a ReadProcessMemory or WriteProcessMemory request was completed. (0x12B)
[0405/170122.994:WARNING:pe_image_reader.cc(340)] could not read dos header from C:\windows\System32\ADVAPI32.dll
[0405/170122.994:ERROR:process_memory_win.cc(73)] ReadMemory at 0x7ffda4940000 of 64 bytes failed: Only part of a ReadProcessMemory or WriteProcessMemory request was completed. (0x12B)
[0405/170122.994:WARNING:pe_image_reader.cc(340)] could not read dos header from C:\windows\System32\sechost.dll
[0405/170122.994:ERROR:process_memory_win.cc(73)] ReadMemory at 0x7ffda36c0000 of 64 bytes failed: Only part of a ReadProcessMemory or WriteProcessMemory request was completed. (0x12B)
[0405/170122.994:WARNING:pe_image_reader.cc(340)] could not read dos header from C:\windows\System32\RPCRT4.dll
[0405/170122.994:ERROR:process_memory_win.cc(73)] ReadMemory at 0x7ffd28ce0000 of 64 bytes failed: Only part of a ReadProcessMemory or WriteProcessMemory request was completed. (0x12B)
[0405/170122.994:WARNING:pe_image_reader.cc(340)] could not read dos header from C:\Program Files (x86)\Google\Chrome\Application\80.0.3987.163\chrome.dll
[0405/170122.995:ERROR:process_memory_win.cc(73)] ReadMemory at 0x7ffda3840000 of 64 bytes failed: Only part of a ReadProcessMemory or WriteProcessMemory request was completed. (0x12B)
[0405/170122.995:WARNING:pe_image_reader.cc(340)] could not read dos header from C:\windows\System32\WS2_32.dll
[0405/170122.995:ERROR:process_memory_win.cc(73)] ReadMemory at 0x7ffda2e30000 of 64 bytes failed: Only part of a ReadProcessMemory or WriteProcessMemory request was completed. (0x12B)
[0405/170122.995:WARNING:pe_image_reader.cc(340)] could not read dos header from C:\windows\System32\OLEAUT32.dll
[0405/170122.995:ERROR:process_memory_win.cc(73)] ReadMemory at 0x7ffda2830000 of 64 bytes failed: Only part of a ReadProcessMemory or WriteProcessMemory request was completed. (0x12B)
[0405/170122.995:WARNING:pe_image_reader.cc(340)] could not read dos header from C:\windows\System32\msvcp_win.dll
[0405/170122.995:ERROR:process_memory_win.cc(73)] ReadMemory at 0x7ffda2cd0000 of 64 bytes failed: Only part of a ReadProcessMemory or WriteProcessMemory request was completed. (0x12B)
[0405/170122.995:WARNING:pe_image_reader.cc(340)] could not read dos header from C:\windows\System32\ucrtbase.dll
[0405/170122.995:ERROR:process_memory_win.cc(73)] ReadMemory at 0x7ffda38d0000 of 64 bytes failed: Only part of a ReadProcessMemory or WriteProcessMemory request was completed. (0x12B)
[0405/170122.995:WARNING:pe_image_reader.cc(340)] could not read dos header from C:\windows\System32\combase.dll
[0405/170122.995:ERROR:process_memory_win.cc(73)] ReadMemory at 0x7ffda2dd0000 of 64 bytes failed: Only part of a ReadProcessMemory or WriteProcessMemory request was completed. (0x12B)
[0405/170122.995:WARNING:pe_image_reader.cc(340)] could not read dos header from C:\windows\System32\WINTRUST.dll
[0405/170122.995:ERROR:process_memory_win.cc(73)] ReadMemory at 0x7ffda1cf0000 of 64 bytes failed: Only part of a ReadProcessMemory or WriteProcessMemory request was completed. (0x12B)
[0405/170122.995:WARNING:pe_image_reader.cc(340)] could not read dos header from C:\windows\System32\MSASN1.dll
[0405/170122.995:ERROR:process_memory_win.cc(73)] ReadMemory at 0x7ffda28d0000 of 64 bytes failed: Only part of a ReadProcessMemory or WriteProcessMemory request was completed. (0x12B)
[0405/170122.995:WARNING:pe_image_reader.cc(340)] could not read dos header from C:\windows\System32\CRYPT32.dll
[0405/170122.995:ERROR:process_memory_win.cc(73)] ReadMemory at 0x7ffda11c0000 of 64 bytes failed: Only part of a ReadProcessMemory or WriteProcessMemory request was completed. (0x12B)
[0405/170122.995:WARNING:pe_image_reader.cc(340)] could not read dos header from C:\windows\SYSTEM32\IPHLPAPI.DLL
[0405/170122.995:ERROR:process_memory_win.cc(73)] ReadMemory at 0x7ffd9c3e0000 of 64 bytes failed: Only part of a ReadProcessMemory or WriteProcessMemory request was completed. (0x12B)
[0405/170122.995:WARNING:pe_image_reader.cc(340)] could not read dos header from C:\windows\SYSTEM32\WINMM.dll
[0405/170122.996:ERROR:process_memory_win.cc(73)] ReadMemory at 0x7ffd81370000 of 64 bytes failed: Only part of a ReadProcessMemory or WriteProcessMemory request was completed. (0x12B)
[0405/170122.996:WARNING:pe_image_reader.cc(340)] could not read dos header from C:\windows\SYSTEM32\Secur32.dll
[0405/170122.996:ERROR:process_memory_win.cc(73)] ReadMemory at 0x7ffda1b60000 of 64 bytes failed: Only part of a ReadProcessMemory or WriteProcessMemory request was completed. (0x12B)
[0405/170122.996:WARNING:pe_image_reader.cc(340)] could not read dos header from C:\windows\SYSTEM32\USERENV.dll
[0405/170122.996:ERROR:process_memory_win.cc(73)] ReadMemory at 0x7ffda1c70000 of 64 bytes failed: Only part of a ReadProcessMemory or WriteProcessMemory request was completed. (0x12B)
[0405/170122.996:WARNING:pe_image_reader.cc(340)] could not read dos header from C:\windows\System32\profapi.dll
[0405/170122.996:ERROR:process_memory_win.cc(73)] ReadMemory at 0x7ffd75cd0000 of 64 bytes failed: Only part of a ReadProcessMemory or WriteProcessMemory request was completed. (0x12B)
[0405/170122.996:WARNING:pe_image_reader.cc(340)] could not read dos header from C:\windows\SYSTEM32\UIAutomationCore.DLL
[0405/170122.996:ERROR:process_memory_win.cc(73)] ReadMemory at 0x7ffd88c70000 of 64 bytes failed: Only part of a ReadProcessMemory or WriteProcessMemory request was completed. (0x12B)
[0405/170122.996:WARNING:pe_image_reader.cc(340)] could not read dos header from C:\windows\SYSTEM32\DWrite.dll
[0405/170122.996:ERROR:process_memory_win.cc(73)] ReadMemory at 0x7ffd7a4f0000 of 64 bytes failed: Only part of a ReadProcessMemory or WriteProcessMemory request was completed. (0x12B)
[0405/170122.996:WARNING:pe_image_reader.cc(340)] could not read dos header from C:\windows\SYSTEM32\WINSPOOL.DRV
[0405/170122.996:ERROR:process_memory_win.cc(73)] ReadMemory at 0x7ffda1c50000 of 64 bytes failed: Only part of a ReadProcessMemory or WriteProcessMemory request was completed. (0x12B)
[0405/170122.996:WARNING:pe_image_reader.cc(340)] could not read dos header from C:\windows\System32\kernel.appcore.dll
[0405/170122.996:ERROR:process_memory_win.cc(73)] ReadMemory at 0x7ffda1d10000 of 64 bytes failed: Only part of a ReadProcessMemory or WriteProcessMemory request was completed. (0x12B)
[0405/170122.996:WARNING:pe_image_reader.cc(340)] could not read dos header from C:\windows\System32\bcrypt.dll
[0405/170122.996:ERROR:process_memory_win.cc(73)] ReadMemory at 0x7ffda0580000 of 64 bytes failed: Only part of a ReadProcessMemory or WriteProcessMemory request was completed. (0x12B)
[0405/170122.996:WARNING:pe_image_reader.cc(340)] could not read dos header from C:\windows\SYSTEM32\dbghelp.dll
[0405/170122.996:ERROR:process_memory_win.cc(73)] ReadMemory at 0x7ffd97020000 of 64 bytes failed: Only part of a ReadProcessMemory or WriteProcessMemory request was completed. (0x12B)
[0405/170122.996:WARNING:pe_image_reader.cc(340)] could not read dos header from C:\windows\SYSTEM32\WINHTTP.dll
[0405/170122.997:ERROR:process_memory_win.cc(73)] ReadMemory at 0x7ffd973c0000 of 64 bytes failed: Only part of a ReadProcessMemory or WriteProcessMemory request was completed. (0x12B)
[0405/170122.997:WARNING:pe_image_reader.cc(340)] could not read dos header from C:\windows\SYSTEM32\dhcpcsvc.DLL
[0405/170122.997:ERROR:process_memory_win.cc(73)] ReadMemory at 0x7ffda2fd0000 of 64 bytes failed: Only part of a ReadProcessMemory or WriteProcessMemory request was completed. (0x12B)
[0405/170122.997:WARNING:pe_image_reader.cc(340)] could not read dos header from C:\windows\System32\NSI.dll
[0405/170122.997:ERROR:process_memory_win.cc(73)] ReadMemory at 0x7ffd9c3b0000 of 64 bytes failed: Only part of a ReadProcessMemory or WriteProcessMemory request was completed. (0x12B)
[0405/170122.997:WARNING:pe_image_reader.cc(340)] could not read dos header from C:\windows\SYSTEM32\WINMMBASE.dll
[0405/170122.997:ERROR:process_memory_win.cc(73)] ReadMemory at 0x7ffda1d40000 of 64 bytes failed: Only part of a ReadProcessMemory or WriteProcessMemory request was completed. (0x12B)
[0405/170122.997:WARNING:pe_image_reader.cc(340)] could not read dos header from C:\windows\System32\cfgmgr32.dll
[0405/170122.997:ERROR:process_memory_win.cc(73)] ReadMemory at 0x7ffd9f9a0000 of 64 bytes failed: Only part of a ReadProcessMemory or WriteProcessMemory request was completed. (0x12B)
[0405/170122.997:WARNING:pe_image_reader.cc(340)] could not read dos header from C:\windows\SYSTEM32\PROPSYS.dll
[0405/170122.997:ERROR:process_memory_win.cc(73)] ReadMemory at 0x7ffda4a60000 of 64 bytes failed: Only part of a ReadProcessMemory or WriteProcessMemory request was completed. (0x12B)
[0405/170122.997:WARNING:pe_image_reader.cc(340)] could not read dos header from C:\windows\System32\shcore.dll
[0405/170122.997:ERROR:process_memory_win.cc(73)] ReadMemory at 0x7ffda1b30000 of 64 bytes failed: Only part of a ReadProcessMemory or WriteProcessMemory request was completed. (0x12B)
[0405/170122.997:WARNING:pe_image_reader.cc(340)] could not read dos header from C:\windows\SYSTEM32\SSPICLI.DLL
[0405/170122.997:ERROR:process_memory_win.cc(73)] ReadMemory at 0x7ffda4250000 of 64 bytes failed: Only part of a ReadProcessMemory or WriteProcessMemory request was completed. (0x12B)
[0405/170122.997:WARNING:pe_image_reader.cc(340)] could not read dos header from C:\windows\System32\SHELL32.dll
[0405/170122.997:ERROR:process_memory_win.cc(73)] ReadMemory at 0x7ffda20b0000 of 64 bytes failed: Only part of a ReadProcessMemory or WriteProcessMemory request was completed. (0x12B)
[0405/170122.997:WARNING:pe_image_reader.cc(340)] could not read dos header from C:\windows\System32\windows.storage.dll
[0405/170122.997:ERROR:process_memory_win.cc(73)] ReadMemory at 0x7ffda1ca0000 of 64 bytes failed: Only part of a ReadProcessMemory or WriteProcessMemory request was completed. (0x12B)
[0405/170122.997:WARNING:pe_image_reader.cc(340)] could not read dos header from C:\windows\System32\powrprof.dll
[0405/170122.997:ERROR:process_memory_win.cc(73)] ReadMemory at 0x7ffda1c40000 of 64 bytes failed: Only part of a ReadProcessMemory or WriteProcessMemory request was completed. (0x12B)
[0405/170122.997:WARNING:pe_image_reader.cc(340)] could not read dos header from C:\windows\System32\UMPDC.dll
[0405/170122.998:ERROR:process_memory_win.cc(73)] ReadMemory at 0x7ffda3660000 of 64 bytes failed: Only part of a ReadProcessMemory or WriteProcessMemory request was completed. (0x12B)
[0405/170122.998:WARNING:pe_image_reader.cc(340)] could not read dos header from C:\windows\System32\shlwapi.dll
[0405/170122.998:ERROR:process_memory_win.cc(73)] ReadMemory at 0x7ffda33e0000 of 64 bytes failed: Only part of a ReadProcessMemory or WriteProcessMemory request was completed. (0x12B)
[0405/170122.998:WARNING:pe_image_reader.cc(340)] could not read dos header from C:\windows\System32\GDI32.dll
[0405/170122.998:ERROR:process_memory_win.cc(73)] ReadMemory at 0x7ffda2080000 of 64 bytes failed: Only part of a ReadProcessMemory or WriteProcessMemory request was completed. (0x12B)
[0405/170122.998:WARNING:pe_image_reader.cc(340)] could not read dos header from C:\windows\System32\win32u.dll
[0405/170122.998:ERROR:process_memory_win.cc(73)] ReadMemory at 0x7ffda1ee0000 of 64 bytes failed: Only part of a ReadProcessMemory or WriteProcessMemory request was completed. (0x12B)
[0405/170122.998:WARNING:pe_image_reader.cc(340)] could not read dos header from C:\windows\System32\gdi32full.dll
[0405/170122.998:ERROR:process_memory_win.cc(73)] ReadMemory at 0x28634b70000 of 64 bytes failed: Only part of a ReadProcessMemory or WriteProcessMemory request was completed. (0x12B)
[0405/170122.998:WARNING:pe_image_reader.cc(340)] could not read dos header from C:\windows\System32\USER32.dll
[0405/170122.998:ERROR:process_memory_win.cc(73)] ReadMemory at 0x7ffda1ec0000 of 64 bytes failed: Only part of a ReadProcessMemory or WriteProcessMemory request was completed. (0x12B)
[0405/170122.998:WARNING:pe_image_reader.cc(340)] could not read dos header from C:\windows\System32\cryptsp.dll
[0405/170122.998:ERROR:process_memory_win.cc(73)] ReadMemory at 0x7ffda4d10000 of 64 bytes failed: Only part of a ReadProcessMemory or WriteProcessMemory request was completed. (0x12B)
[0405/170122.998:WARNING:pe_image_reader.cc(340)] could not read dos header from C:\windows\System32\IMM32.DLL
[0405/170122.998:ERROR:process_memory_win.cc(73)] ReadMemory at 0x7ffda1680000 of 64 bytes failed: Only part of a ReadProcessMemory or WriteProcessMemory request was completed. (0x12B)
[0405/170122.998:WARNING:pe_image_reader.cc(340)] could not read dos header from C:\windows\SYSTEM32\CRYPTBASE.DLL
[0405/170123.013:ERROR:process_memory_win.cc(73)] ReadMemory at 0x89591f4000 of 49152 bytes failed: Only part of a ReadProcessMemory or WriteProcessMemory request was completed. (0x12B)
[0405/170123.013:ERROR:process_memory_win.cc(73)] ReadMemory at 0x89599fd000 of 12288 bytes failed: Only part of a ReadProcessMemory or WriteProcessMemory request was completed. (0x12B)
[0405/170123.013:ERROR:process_memory_win.cc(73)] ReadMemory at 0x895a1f9000 of 28672 bytes failed: Only part of a ReadProcessMemory or WriteProcessMemory request was completed. (0x12B)
[0405/170123.013:ERROR:process_memory_win.cc(73)] ReadMemory at 0x895a9fc000 of 16384 bytes failed: Only part of a ReadProcessMemory or WriteProcessMemory request was completed. (0x12B)
[0405/170123.013:ERROR:process_memory_win.cc(73)] ReadMemory at 0x895b1fc000 of 16384 bytes failed: Only part of a ReadProcessMemory or WriteProcessMemory request was completed. (0x12B)
[0405/170123.013:ERROR:process_memory_win.cc(73)] ReadMemory at 0x895b9fe000 of 8192 bytes failed: Only part of a ReadProcessMemory or WriteProcessMemory request was completed. (0x12B)
[0405/170123.013:ERROR:process_memory_win.cc(73)] ReadMemory at 0x895c1fd000 of 12288 bytes failed: Only part of a ReadProcessMemory or WriteProcessMemory request was completed. (0x12B)
[0405/170123.013:ERROR:process_memory_win.cc(73)] ReadMemory at 0x895c9fb000 of 20480 bytes failed: Only part of a ReadProcessMemory or WriteProcessMemory request was completed. (0x12B)
[0405/170123.013:ERROR:process_memory_win.cc(73)] ReadMemory at 0x895d1fd000 of 12288 bytes failed: Only part of a ReadProcessMemory or WriteProcessMemory request was completed. (0x12B)
[0405/170123.013:ERROR:process_memory_win.cc(73)] ReadMemory at 0x895d9fd000 of 12288 bytes failed: Only part of a ReadProcessMemory or WriteProcessMemory request was completed. (0x12B)
[0405/170123.013:ERROR:process_memory_win.cc(73)] ReadMemory at 0x895e1fd000 of 12288 bytes failed: Only part of a ReadProcessMemory or WriteProcessMemory request was completed. (0x12B)
[0405/170123.017:ERROR:process_memory_win.cc(73)] ReadMemory at 0x895e9fd000 of 12288 bytes failed: Only part of a ReadProcessMemory or WriteProcessMemory request was completed. (0x12B)
[0405/170123.017:ERROR:process_memory_win.cc(73)] ReadMemory at 0x895f1fd000 of 12288 bytes failed: Only part of a ReadProcessMemory or WriteProcessMemory request was completed. (0x12B)
[0405/170123.017:ERROR:process_memory_win.cc(73)] ReadMemory at 0x895f9fa000 of 24576 bytes failed: Only part of a ReadProcessMemory or WriteProcessMemory request was completed. (0x12B)
[0405/170123.017:ERROR:process_memory_win.cc(73)] ReadMemory at 0x89601fd000 of 12288 bytes failed: Only part of a ReadProcessMemory or WriteProcessMemory request was completed. (0x12B)
[0405/170123.017:ERROR:process_memory_win.cc(73)] ReadMemory at 0x8958800000 of 6024 bytes failed: Only part of a ReadProcessMemory or WriteProcessMemory request was completed. (0x12B)
[0405/170123.017:ERROR:process_memory_win.cc(73)] ReadMemory at 0x8958802000 of 6024 bytes failed: Only part of a ReadProcessMemory or WriteProcessMemory request was completed. (0x12B)
[0405/170123.017:ERROR:process_memory_win.cc(73)] ReadMemory at 0x8958804000 of 6024 bytes failed: Only part of a ReadProcessMemory or WriteProcessMemory request was completed. (0x12B)
[0405/170123.018:ERROR:process_memory_win.cc(73)] ReadMemory at 0x8958806000 of 6024 bytes failed: Only part of a ReadProcessMemory or WriteProcessMemory request was completed. (0x12B)
[0405/170123.018:ERROR:process_memory_win.cc(73)] ReadMemory at 0x8958808000 of 6024 bytes failed: Only part of a ReadProcessMemory or WriteProcessMemory request was completed. (0x12B)
[0405/170123.018:ERROR:process_memory_win.cc(73)] ReadMemory at 0x895880a000 of 6024 bytes failed: Only part of a ReadProcessMemory or WriteProcessMemory request was completed. (0x12B)
[0405/170123.018:ERROR:process_memory_win.cc(73)] ReadMemory at 0x89589ec000 of 852 bytes failed: Only part of a ReadProcessMemory or WriteProcessMemory request was completed. (0x12B)
[0405/170123.018:ERROR:process_memory_win.cc(73)] ReadMemory at 0x89589ed000 of 6024 bytes failed: Only part of a ReadProcessMemory or WriteProcessMemory request was completed. (0x12B)
[0405/170123.019:ERROR:process_memory_win.cc(73)] ReadMemory at 0x89589ef000 of 6024 bytes failed: Only part of a ReadProcessMemory or WriteProcessMemory request was completed. (0x12B)
[0405/170123.019:ERROR:process_memory_win.cc(73)] ReadMemory at 0x89589f1000 of 6024 bytes failed: Only part of a ReadProcessMemory or WriteProcessMemory request was completed. (0x12B)
[0405/170123.019:ERROR:process_memory_win.cc(73)] ReadMemory at 0x89589f3000 of 6024 bytes failed: Only part of a ReadProcessMemory or WriteProcessMemory request was completed. (0x12B)
[0405/170123.019:ERROR:process_memory_win.cc(73)] ReadMemory at 0x89589f5000 of 6024 bytes failed: Only part of a ReadProcessMemory or WriteProcessMemory request was completed. (0x12B)
[0405/170123.019:ERROR:process_memory_win.cc(73)] ReadMemory at 0x89589f7000 of 6024 bytes failed: Only part of a ReadProcessMemory or WriteProcessMemory request was completed. (0x12B)
[0405/170123.020:ERROR:process_memory_win.cc(73)] ReadMemory at 0x89589f9000 of 6024 bytes failed: Only part of a ReadProcessMemory or WriteProcessMemory request was completed. (0x12B)
[0405/170123.020:ERROR:process_memory_win.cc(73)] ReadMemory at 0x89589fb000 of 6024 bytes failed: Only part of a ReadProcessMemory or WriteProcessMemory request was completed. (0x12B)
[0405/170123.020:ERROR:process_memory_win.cc(73)] ReadMemory at 0x89589fd000 of 6024 bytes failed: Only part of a ReadProcessMemory or WriteProcessMemory request was completed. (0x12B)
[0405/170123.020:ERROR:process_memory_win.cc(73)] ReadMemory at 0x28632da0750 of 80 bytes failed: Only part of a ReadProcessMemory or WriteProcessMemory request was completed. (0x12B)
[0405/170123.020:ERROR:process_memory_win.cc(73)] ReadMemory at 0x28632da0fe0 of 5910 bytes failed: Only part of a ReadProcessMemory or WriteProcessMemory request was completed. (0x12B)
[0405/170123.020:ERROR:process_memory_win.cc(73)] ReadMemory at 0x28632da2700 of 1012 bytes failed: Only part of a ReadProcessMemory or WriteProcessMemory request was completed. (0x12B)
[0405/170123.020:ERROR:process_memory_win.cc(73)] ReadMemory at 0x28632da2d48 of 118 bytes failed: Only part of a ReadProcessMemory or WriteProcessMemory request was completed. (0x12B)
[0405/170123.021:ERROR:process_memory_win.cc(73)] ReadMemory at 0x28632da2dc0 of 1292 bytes failed: Only part of a ReadProcessMemory or WriteProcessMemory request was completed. (0x12B)
[0405/170123.021:ERROR:process_memory_win.cc(73)] ReadMemory at 0x28632da32ce of 118 bytes failed: Only part of a ReadProcessMemory or WriteProcessMemory request was completed. (0x12B)
[0405/170123.021:ERROR:process_memory_win.cc(73)] ReadMemory at 0x28632da3346 of 102 bytes failed: Only part of a ReadProcessMemory or WriteProcessMemory request was completed. (0x12B)
[0405/170123.021:ERROR:process_memory_win.cc(73)] ReadMemory at 0x28632da33c0 of 58 bytes failed: Only part of a ReadProcessMemory or WriteProcessMemory request was completed. (0x12B)
[0405/170123.021:ERROR:process_memory_win.cc(73)] ReadMemory at 0x28632da34c0 of 132 bytes failed: Only part of a ReadProcessMemory or WriteProcessMemory request was completed. (0x12B)
[0405/170123.021:ERROR:process_memory_win.cc(73)] ReadMemory at 0x28632da3650 of 132 bytes failed: Only part of a ReadProcessMemory or WriteProcessMemory request was completed. (0x12B)
[0405/170123.021:ERROR:process_memory_win.cc(73)] ReadMemory at 0x28632da3810 of 126 bytes failed: Only part of a ReadProcessMemory or WriteProcessMemory request was completed. (0x12B)
[0405/170123.021:ERROR:process_memory_win.cc(73)] ReadMemory at 0x28632da3bf0 of 132 bytes failed: Only part of a ReadProcessMemory or WriteProcessMemory request was completed. (0x12B)
[0405/170123.021:ERROR:process_memory_win.cc(73)] ReadMemory at 0x28632da3d80 of 64 bytes failed: Only part of a ReadProcessMemory or WriteProcessMemory request was completed. (0x12B)
[0405/170123.021:ERROR:process_memory_win.cc(73)] ReadMemory at 0x28632da3f40 of 132 bytes failed: Only part of a ReadProcessMemory or WriteProcessMemory request was completed. (0x12B)
[0405/170123.021:ERROR:process_memory_win.cc(73)] ReadMemory at 0x28632da41e0 of 132 bytes failed: Only part of a ReadProcessMemory or WriteProcessMemory request was completed. (0x12B)
[0405/170123.021:ERROR:process_memory_win.cc(73)] ReadMemory at 0x28632da4370 of 68 bytes failed: Only part of a ReadProcessMemory or WriteProcessMemory request was completed. (0x12B)
[0405/170123.021:ERROR:process_memory_win.cc(73)] ReadMemory at 0x28632da5460 of 146 bytes failed: Only part of a ReadProcessMemory or WriteProcessMemory request was completed. (0x12B)
[0405/170123.021:ERROR:process_memory_win.cc(73)] ReadMemory at 0x28632da5540 of 132 bytes failed: Only part of a ReadProcessMemory or WriteProcessMemory request was completed. (0x12B)
[0405/170123.021:ERROR:process_memory_win.cc(73)] ReadMemory at 0x28632da56d0 of 154 bytes failed: Only part of a ReadProcessMemory or WriteProcessMemory request was completed. (0x12B)
[0405/170123.021:ERROR:process_memory_win.cc(73)] ReadMemory at 0x28632da64c0 of 62 bytes failed: Only part of a ReadProcessMemory or WriteProcessMemory request was completed. (0x12B)
[0405/170123.021:ERROR:process_memory_win.cc(73)] ReadMemory at 0x28632da6510 of 132 bytes failed: Only part of a ReadProcessMemory or WriteProcessMemory request was completed. (0x12B)
[0405/170123.021:ERROR:process_memory_win.cc(73)] ReadMemory at 0x28632da66b0 of 132 bytes failed: Only part of a ReadProcessMemory or WriteProcessMemory request was completed. (0x12B)
[0405/170123.021:ERROR:process_memory_win.cc(73)] ReadMemory at 0x28632da67e0 of 60 bytes failed: Only part of a ReadProcessMemory or WriteProcessMemory request was completed. (0x12B)
[0405/170123.021:ERROR:process_memory_win.cc(73)] ReadMemory at 0x28632da770c of 512 bytes failed: Only part of a ReadProcessMemory or WriteProcessMemory request was completed. (0x12B)
[0405/170123.021:ERROR:process_memory_win.cc(73)] ReadMemory at 0x28632da7c10 of 132 bytes failed: Only part of a ReadProcessMemory or WriteProcessMemory request was completed. (0x12B)
[0405/170123.021:ERROR:process_memory_win.cc(73)] ReadMemory at 0x28632da7f70 of 132 bytes failed: Only part of a ReadProcessMemory or WriteProcessMemory request was completed. (0x12B)
[0405/170123.021:ERROR:process_memory_win.cc(73)] ReadMemory at 0x28632da8180 of 132 bytes failed: Only part of a ReadProcessMemory or WriteProcessMemory request was completed. (0x12B)
[0405/170123.021:ERROR:process_memory_win.cc(73)] ReadMemory at 0x28632da8560 of 132 bytes failed: Only part of a ReadProcessMemory or WriteProcessMemory request was completed. (0x12B)
[0405/170123.021:ERROR:process_memory_win.cc(73)] ReadMemory at 0x28632dab460 of 64 bytes failed: Only part of a ReadProcessMemory or WriteProcessMemory request was completed. (0x12B)
[0405/170123.021:ERROR:process_memory_win.cc(73)] ReadMemory at 0x28632dab550 of 60 bytes failed: Only part of a ReadProcessMemory or WriteProcessMemory request was completed. (0x12B)
[0405/170123.021:ERROR:process_memory_win.cc(73)] ReadMemory at 0x28632dab5a0 of 62 bytes failed: Only part of a ReadProcessMemory or WriteProcessMemory request was completed. (0x12B)
[0405/170123.021:ERROR:process_memory_win.cc(73)] ReadMemory at 0x28632dab780 of 66 bytes failed: Only part of a ReadProcessMemory or WriteProcessMemory request was completed. (0x12B)
[0405/170123.021:ERROR:process_memory_win.cc(73)] ReadMemory at 0x28632dab7d0 of 64 bytes failed: Only part of a ReadProcessMemory or WriteProcessMemory request was completed. (0x12B)
[0405/170123.021:ERROR:process_memory_win.cc(73)] ReadMemory at 0x28632dab870 of 62 bytes failed: Only part of a ReadProcessMemory or WriteProcessMemory request was completed. (0x12B)
[0405/170123.021:ERROR:process_memory_win.cc(73)] ReadMemory at 0x28632dab910 of 64 bytes failed: Only part of a ReadProcessMemory or WriteProcessMemory request was completed. (0x12B)
[0405/170123.021:ERROR:process_memory_win.cc(73)] ReadMemory at 0x28632dabaa0 of 60 bytes failed: Only part of a ReadProcessMemory or WriteProcessMemory request was completed. (0x12B)
[0405/170123.021:ERROR:process_memory_win.cc(73)] ReadMemory at 0x28632dabb90 of 64 bytes failed: Only part of a ReadProcessMemory or WriteProcessMemory request was completed. (0x12B)
[0405/170123.021:ERROR:process_memory_win.cc(73)] ReadMemory at 0x28632dabef0 of 80 bytes failed: Only part of a ReadProcessMemory or WriteProcessMemory request was completed. (0x12B)
[0405/170123.021:ERROR:process_memory_win.cc(73)] ReadMemory at 0x28632dacc10 of 76 bytes failed: Only part of a ReadProcessMemory or WriteProcessMemory request was completed. (0x12B)
[0405/170123.021:ERROR:process_memory_win.cc(73)] ReadMemory at 0x28632dacd90 of 78 bytes failed: Only part of a ReadProcessMemory or WriteProcessMemory request was completed. (0x12B)
[0405/170123.021:ERROR:process_memory_win.cc(73)] ReadMemory at 0x28632dae8d0 of 54 bytes failed: Only part of a ReadProcessMemory or WriteProcessMemory request was completed. (0x12B)
[0405/170123.021:ERROR:process_memory_win.cc(73)] ReadMemory at 0x28632daf730 of 132 bytes failed: Only part of a ReadProcessMemory or WriteProcessMemory request was completed. (0x12B)
[0405/170123.021:ERROR:process_memory_win.cc(73)] ReadMemory at 0x28632db0d50 of 132 bytes failed: Only part of a ReadProcessMemory or WriteProcessMemory request was completed. (0x12B)
[0405/170123.021:ERROR:process_memory_win.cc(73)] ReadMemory at 0x28632db2570 of 132 bytes failed: Only part of a ReadProcessMemory or WriteProcessMemory request was completed. (0x12B)
[0405/170123.021:ERROR:process_memory_win.cc(73)] ReadMemory at 0x28632db28c0 of 132 bytes failed: Only part of a ReadProcessMemory or WriteProcessMemory request was completed. (0x12B)
[0405/170123.021:ERROR:process_memory_win.cc(73)] ReadMemory at 0x28632db2ae0 of 132 bytes failed: Only part of a ReadProcessMemory or WriteProcessMemory request was completed. (0x12B)
[0405/170123.021:ERROR:process_memory_win.cc(73)] ReadMemory at 0x28632db4ea0 of 132 bytes failed: Only part of a ReadProcessMemory or WriteProcessMemory request was completed. (0x12B)
[0405/170123.021:ERROR:process_memory_win.cc(73)] ReadMemory at 0x28632db4fd0 of 132 bytes failed: Only part of a ReadProcessMemory or WriteProcessMemory request was completed. (0x12B)
[0405/170123.021:ERROR:process_memory_win.cc(73)] ReadMemory at 0x28632db5100 of 132 bytes failed: Only part of a ReadProcessMemory or WriteProcessMemory request was completed. (0x12B)
[0405/170123.021:ERROR:process_memory_win.cc(73)] ReadMemory at 0x28632db5360 of 132 bytes failed: Only part of a ReadProcessMemory or WriteProcessMemory request was completed. (0x12B)
[0405/170123.021:ERROR:process_memory_win.cc(73)] ReadMemory at 0x28632db5490 of 132 bytes failed: Only part of a ReadProcessMemory or WriteProcessMemory request was completed. (0x12B)
[0405/170123.021:ERROR:process_memory_win.cc(73)] ReadMemory at 0x28632db55c0 of 132 bytes failed: Only part of a ReadProcessMemory or WriteProcessMemory request was completed. (0x12B)
[0405/170123.021:ERROR:process_memory_win.cc(73)] ReadMemory at 0x28632db56f0 of 132 bytes failed: Only part of a ReadProcessMemory or WriteProcessMemory request was completed. (0x12B)
[0405/170123.021:ERROR:process_memory_win.cc(73)] ReadMemory at 0x28632db5820 of 132 bytes failed: Only part of a ReadProcessMemory or WriteProcessMemory request was completed. (0x12B)
[0405/170123.021:ERROR:process_memory_win.cc(73)] ReadMemory at 0x28632db5950 of 132 bytes failed: Only part of a ReadProcessMemory or WriteProcessMemory request was completed. (0x12B)
[0405/170123.025:ERROR:process_memory_win.cc(73)] ReadMemory at 0x28632db5a80 of 132 bytes failed: Only part of a ReadProcessMemory or WriteProcessMemory request was completed. (0x12B)
[0405/170123.025:ERROR:process_memory_win.cc(73)] ReadMemory at 0x28632db5bb0 of 132 bytes failed: Only part of a ReadProcessMemory or WriteProcessMemory request was completed. (0x12B)
[0405/170123.025:ERROR:process_memory_win.cc(73)] ReadMemory at 0x28632db5ce0 of 132 bytes failed: Only part of a ReadProcessMemory or WriteProcessMemory request was completed. (0x12B)
[0405/170123.025:ERROR:process_memory_win.cc(73)] ReadMemory at 0x28632db5fe0 of 64 bytes failed: Only part of a ReadProcessMemory or WriteProcessMemory request was completed. (0x12B)
[0405/170123.025:ERROR:process_memory_win.cc(73)] ReadMemory at 0x28632db6080 of 60 bytes failed: Only part of a ReadProcessMemory or WriteProcessMemory request was completed. (0x12B)
[0405/170123.025:ERROR:process_memory_win.cc(73)] ReadMemory at 0x28632db60d0 of 62 bytes failed: Only part of a ReadProcessMemory or WriteProcessMemory request was completed. (0x12B)
[0405/170123.025:ERROR:process_memory_win.cc(73)] ReadMemory at 0x28632db6120 of 62 bytes failed: Only part of a ReadProcessMemory or WriteProcessMemory request was completed. (0x12B)
[0405/170123.025:ERROR:process_memory_win.cc(73)] ReadMemory at 0x28632db6350 of 62 bytes failed: Only part of a ReadProcessMemory or WriteProcessMemory request was completed. (0x12B)
[0405/170123.025:ERROR:process_memory_win.cc(73)] ReadMemory at 0x28632db63f0 of 60 bytes failed: Only part of a ReadProcessMemory or WriteProcessMemory request was completed. (0x12B)
[0405/170123.026:ERROR:process_memory_win.cc(73)] ReadMemory at 0x28632db6490 of 62 bytes failed: Only part of a ReadProcessMemory or WriteProcessMemory request was completed. (0x12B)
[0405/170123.026:ERROR:process_memory_win.cc(73)] ReadMemory at 0x28632db65d0 of 60 bytes failed: Only part of a ReadProcessMemory or WriteProcessMemory request was completed. (0x12B)
[0405/170123.026:ERROR:process_memory_win.cc(73)] ReadMemory at 0x28632db6620 of 64 bytes failed: Only part of a ReadProcessMemory or WriteProcessMemory request was completed. (0x12B)
[0405/170123.026:ERROR:process_memory_win.cc(73)] ReadMemory at 0x28632db68a0 of 64 bytes failed: Only part of a ReadProcessMemory or WriteProcessMemory request was completed. (0x12B)
[0405/170123.026:ERROR:process_memory_win.cc(73)] ReadMemory at 0x28632db68f0 of 60 bytes failed: Only part of a ReadProcessMemory or WriteProcessMemory request was completed. (0x12B)
[0405/170123.026:ERROR:process_memory_win.cc(73)] ReadMemory at 0x28632db69e0 of 64 bytes failed: Only part of a ReadProcessMemory or WriteProcessMemory request was completed. (0x12B)
[0405/170123.026:ERROR:process_memory_win.cc(73)] ReadMemory at 0x28632db6a30 of 58 bytes failed: Only part of a ReadProcessMemory or WriteProcessMemory request was completed. (0x12B)
[0405/170123.027:ERROR:process_memory_win.cc(73)] ReadMemory at 0x28632db6ad0 of 62 bytes failed: Only part of a ReadProcessMemory or WriteProcessMemory request was completed. (0x12B)
[0405/170123.027:ERROR:process_memory_win.cc(73)] ReadMemory at 0x28632db6b20 of 66 bytes failed: Only part of a ReadProcessMemory or WriteProcessMemory request was completed. (0x12B)
[0405/170123.027:ERROR:process_memory_win.cc(73)] ReadMemory at 0x28632db6b70 of 62 bytes failed: Only part of a ReadProcessMemory or WriteProcessMemory request was completed. (0x12B)
[0405/170123.027:ERROR:process_memory_win.cc(73)] ReadMemory at 0x28632db6c60 of 62 bytes failed: Only part of a ReadProcessMemory or WriteProcessMemory request was completed. (0x12B)
[0405/170123.027:ERROR:process_memory_win.cc(73)] ReadMemory at 0x28632db6e40 of 62 bytes failed: Only part of a ReadProcessMemory or WriteProcessMemory request was completed. (0x12B)
[0405/170123.027:ERROR:process_memory_win.cc(73)] ReadMemory at 0x28632db6e90 of 62 bytes failed: Only part of a ReadProcessMemory or WriteProcessMemory request was completed. (0x12B)
[0405/170123.027:ERROR:process_memory_win.cc(73)] ReadMemory at 0x28632db6fa0 of 132 bytes failed: Only part of a ReadProcessMemory or WriteProcessMemory request was completed. (0x12B)
[0405/170123.027:ERROR:process_memory_win.cc(73)] ReadMemory at 0x28632db70d0 of 132 bytes failed: Only part of a ReadProcessMemory or WriteProcessMemory request was completed. (0x12B)
[0405/170123.027:ERROR:process_memory_win.cc(73)] ReadMemory at 0x28632db7200 of 132 bytes failed: Only part of a ReadProcessMemory or WriteProcessMemory request was completed. (0x12B)
[0405/170123.028:ERROR:process_memory_win.cc(73)] ReadMemory at 0x28632db7330 of 132 bytes failed: Only part of a ReadProcessMemory or WriteProcessMemory request was completed. (0x12B)
[0405/170123.028:ERROR:process_memory_win.cc(73)] ReadMemory at 0x28632db7460 of 132 bytes failed: Only part of a ReadProcessMemory or WriteProcessMemory request was completed. (0x12B)
[0405/170123.028:ERROR:process_memory_win.cc(73)] ReadMemory at 0x28632db7590 of 132 bytes failed: Only part of a ReadProcessMemory or WriteProcessMemory request was completed. (0x12B)
[0405/170123.028:ERROR:process_memory_win.cc(73)] ReadMemory at 0x28632db76c0 of 132 bytes failed: Only part of a ReadProcessMemory or WriteProcessMemory request was completed. (0x12B)
[0405/170123.028:ERROR:process_memory_win.cc(73)] ReadMemory at 0x28632db77f0 of 132 bytes failed: Only part of a ReadProcessMemory or WriteProcessMemory request was completed. (0x12B)
[0405/170123.028:ERROR:process_memory_win.cc(73)] ReadMemory at 0x28632db7920 of 132 bytes failed: Only part of a ReadProcessMemory or WriteProcessMemory request was completed. (0x12B)
[0405/170123.028:ERROR:process_memory_win.cc(73)] ReadMemory at 0x28632db7a50 of 132 bytes failed: Only part of a ReadProcessMemory or WriteProcessMemory request was completed. (0x12B)
[0405/170123.028:ERROR:process_memory_win.cc(73)] ReadMemory at 0x28632db7b80 of 132 bytes failed: Only part of a ReadProcessMemory or WriteProcessMemory request was completed. (0x12B)
[0405/170123.029:ERROR:process_memory_win.cc(73)] ReadMemory at 0x28632db8170 of 132 bytes failed: Only part of a ReadProcessMemory or WriteProcessMemory request was completed. (0x12B)
[0405/170123.029:ERROR:process_memory_win.cc(73)] ReadMemory at 0x28632db83d0 of 132 bytes failed: Only part of a ReadProcessMemory or WriteProcessMemory request was completed. (0x12B)
[0405/170123.029:ERROR:process_memory_win.cc(73)] ReadMemory at 0x28632db8500 of 132 bytes failed: Only part of a ReadProcessMemory or WriteProcessMemory request was completed. (0x12B)
[0405/170123.029:ERROR:process_memory_win.cc(73)] ReadMemory at 0x28632db8630 of 132 bytes failed: Only part of a ReadProcessMemory or WriteProcessMemory request was completed. (0x12B)
[0405/170123.029:ERROR:process_memory_win.cc(73)] ReadMemory at 0x28632db8760 of 132 bytes failed: Only part of a ReadProcessMemory or WriteProcessMemory request was completed. (0x12B)
[0405/170123.029:ERROR:process_memory_win.cc(73)] ReadMemory at 0x28632db8890 of 132 bytes failed: Only part of a ReadProcessMemory or WriteProcessMemory request was completed. (0x12B)
[0405/170123.029:ERROR:process_memory_win.cc(73)] ReadMemory at 0x28632db89c0 of 132 bytes failed: Only part of a ReadProcessMemory or WriteProcessMemory request was completed. (0x12B)
[0405/170123.029:ERROR:process_memory_win.cc(73)] ReadMemory at 0x28632db8af0 of 132 bytes failed: Only part of a ReadProcessMemory or WriteProcessMemory request was completed. (0x12B)
[0405/170123.029:ERROR:process_memory_win.cc(73)] ReadMemory at 0x28632db8c20 of 132 bytes failed: Only part of a ReadProcessMemory or WriteProcessMemory request was completed. (0x12B)
[0405/170123.030:ERROR:process_memory_win.cc(73)] ReadMemory at 0x28632db8d50 of 132 bytes failed: Only part of a ReadProcessMemory or WriteProcessMemory request was completed. (0x12B)
[0405/170123.030:ERROR:process_memory_win.cc(73)] ReadMemory at 0x28632dcc070 of 62 bytes failed: Only part of a ReadProcessMemory or WriteProcessMemory request was completed. (0x12B)
[0405/170123.030:ERROR:process_memory_win.cc(73)] ReadMemory at 0x28632dcc160 of 58 bytes failed: Only part of a ReadProcessMemory or WriteProcessMemory request was completed. (0x12B)
[0405/170123.030:ERROR:process_memory_win.cc(73)] ReadMemory at 0x28632dcc1b0 of 58 bytes failed: Only part of a ReadProcessMemory or WriteProcessMemory request was completed. (0x12B)
[0405/170123.030:ERROR:process_memory_win.cc(73)] ReadMemory at 0x28632dcc200 of 60 bytes failed: Only part of a ReadProcessMemory or WriteProcessMemory request was completed. (0x12B)
[0405/170123.030:ERROR:process_memory_win.cc(73)] ReadMemory at 0x28632dcc340 of 60 bytes failed: Only part of a ReadProcessMemory or WriteProcessMemory request was completed. (0x12B)
[0405/170123.030:ERROR:process_memory_win.cc(73)] ReadMemory at 0x28632dcc570 of 66 bytes failed: Only part of a ReadProcessMemory or WriteProcessMemory request was completed. (0x12B)
[0405/170123.030:ERROR:process_memory_win.cc(73)] ReadMemory at 0x28632dcc610 of 64 bytes failed: Only part of a ReadProcessMemory or WriteProcessMemory request was completed. (0x12B)
[0405/170123.030:ERROR:process_memory_win.cc(73)] ReadMemory at 0x28632dccbb0 of 58 bytes failed: Only part of a ReadProcessMemory or WriteProcessMemory request was completed. (0x12B)
[0405/170123.030:ERROR:process_memory_win.cc(73)] ReadMemory at 0x28632dccd40 of 62 bytes failed: Only part of a ReadProcessMemory or WriteProcessMemory request was completed. (0x12B)
[0405/170123.030:ERROR:process_memory_win.cc(73)] ReadMemory at 0x28632dd0220 of 512 bytes failed: Only part of a ReadProcessMemory or WriteProcessMemory request was completed. (0x12B)
[0405/170123.030:ERROR:process_memory_win.cc(73)] ReadMemory at 0x28632dd7cb0 of 512 bytes failed: Only part of a ReadProcessMemory or WriteProcessMemory request was completed. (0x12B)
[0405/170123.030:ERROR:process_memory_win.cc(73)] ReadMemory at 0x28632dd7f50 of 512 bytes failed: Only part of a ReadProcessMemory or WriteProcessMemory request was completed. (0x12B)
[0405/170123.030:ERROR:process_memory_win.cc(73)] ReadMemory at 0x28632f80d00 of 512 bytes failed: Only part of a ReadProcessMemory or WriteProcessMemory request was completed. (0x12B)
[0405/170123.030:ERROR:process_memory_win.cc(73)] ReadMemory at 0x286330c5e50 of 512 bytes failed: Only part of a ReadProcessMemory or WriteProcessMemory request was completed. (0x12B)
[0405/170123.030:ERROR:process_memory_win.cc(73)] ReadMemory at 0x286330c6150 of 512 bytes failed: Only part of a ReadProcessMemory or WriteProcessMemory request was completed. (0x12B)
[0405/170123.030:ERROR:process_memory_win.cc(73)] ReadMemory at 0x286330d1830 of 512 bytes failed: Only part of a ReadProcessMemory or WriteProcessMemory request was completed. (0x12B)
[0405/170123.030:ERROR:process_memory_win.cc(73)] ReadMemory at 0x286330d1d40 of 512 bytes failed: Only part of a ReadProcessMemory or WriteProcessMemory request was completed. (0x12B)
[0405/170123.030:ERROR:process_memory_win.cc(73)] ReadMemory at 0x286330e09a0 of 1024 bytes failed: Only part of a ReadProcessMemory or WriteProcessMemory request was completed. (0x12B)
[0405/170123.030:ERROR:process_memory_win.cc(73)] ReadMemory at 0x286330eeae0 of 512 bytes failed: Only part of a ReadProcessMemory or WriteProcessMemory request was completed. (0x12B)
[0405/170123.032:ERROR:process_memory_win.cc(73)] ReadMemory at 0x286330ff1c8 of 512 bytes failed: Only part of a ReadProcessMemory or WriteProcessMemory request was completed. (0x12B)
[0405/170123.032:ERROR:process_memory_win.cc(73)] ReadMemory at 0x286331007b8 of 512 bytes failed: Only part of a ReadProcessMemory or WriteProcessMemory request was completed. (0x12B)
[0405/170123.032:ERROR:process_memory_win.cc(73)] ReadMemory at 0x286331009f8 of 512 bytes failed: Only part of a ReadProcessMemory or WriteProcessMemory request was completed. (0x12B)
[0405/170123.032:ERROR:process_memory_win.cc(73)] ReadMemory at 0x2863319b330 of 512 bytes failed: Only part of a ReadProcessMemory or WriteProcessMemory request was completed. (0x12B)
[0405/170123.032:ERROR:process_memory_win.cc(73)] ReadMemory at 0x28635360000 of 384 bytes failed: Only part of a ReadProcessMemory or WriteProcessMemory request was completed. (0x12B)
[0405/170123.032:ERROR:process_memory_win.cc(73)] ReadMemory at 0x28635468800 of 512 bytes failed: Only part of a ReadProcessMemory or WriteProcessMemory request was completed. (0x12B)
[0405/170123.032:ERROR:process_memory_win.cc(73)] ReadMemory at 0x286354943c0 of 512 bytes failed: Only part of a ReadProcessMemory or WriteProcessMemory request was completed. (0x12B)
[0405/170123.032:ERROR:process_memory_win.cc(73)] ReadMemory at 0x286354a5d88 of 512 bytes failed: Only part of a ReadProcessMemory or WriteProcessMemory request was completed. (0x12B)
[0405/170123.033:ERROR:process_memory_win.cc(73)] ReadMemory at 0x28635516fc0 of 512 bytes failed: Only part of a ReadProcessMemory or WriteProcessMemory request was completed. (0x12B)
[0405/170123.034:ERROR:process_memory_win.cc(73)] ReadMemory at 0x64aa7ff26828 of 512 bytes failed: Only part of a ReadProcessMemory or WriteProcessMemory request was completed. (0x12B)
[0405/170123.034:ERROR:process_memory_win.cc(73)] ReadMemory at 0x6f9fb23ba530 of 512 bytes failed: Only part of a ReadProcessMemory or WriteProcessMemory request was completed. (0x12B)
[0405/170123.034:ERROR:process_memory_win.cc(73)] ReadMemory at 0x7ffd29b27380 of 512 bytes failed: Only part of a ReadProcessMemory or WriteProcessMemory request was completed. (0x12B)
[0405/170123.034:ERROR:process_memory_win.cc(73)] ReadMemory at 0x7ffd2c023bfb of 512 bytes failed: Only part of a ReadProcessMemory or WriteProcessMemory request was completed. (0x12B)
[0405/170123.034:ERROR:process_memory_win.cc(73)] ReadMemory at 0x7ffd2ef042a8 of 512 bytes failed: Only part of a ReadProcessMemory or WriteProcessMemory request was completed. (0x12B)
[0405/170123.034:ERROR:process_memory_win.cc(73)] ReadMemory at 0x7ffd2f31e29a of 512 bytes failed: Only part of a ReadProcessMemory or WriteProcessMemory request was completed. (0x12B)
[0405/170123.034:ERROR:process_memory_win.cc(73)] ReadMemory at 0x7ffda2c8b720 of 512 bytes failed: Only part of a ReadProcessMemory or WriteProcessMemory request was completed. (0x12B)
[0405/170123.035:ERROR:process_memory_win.cc(73)] ReadMemory at 0x7ffda4e1c0c4 of 672 bytes failed: Only part of a ReadProcessMemory or WriteProcessMemory request was completed. (0x12B)
[0405/170123.035:ERROR:process_memory_win.cc(73)] ReadMemory at 0x7ffda4e1c6c4 of 512 bytes failed: Only part of a ReadProcessMemory or WriteProcessMemory request was completed. (0x12B)
[0405/170123.035:ERROR:process_memory_win.cc(73)] ReadMemory at 0x7ffda4e1f974 of 608 bytes failed: Only part of a ReadProcessMemory or WriteProcessMemory request was completed. (0x12B)
[0405/170123.035:ERROR:process_memory_win.cc(73)] ReadMemory at 0x7ffda4eac428 of 18 bytes failed: Only part of a ReadProcessMemory or WriteProcessMemory request was completed. (0x12B)
[0405/170123.035:ERROR:process_memory_win.cc(73)] ReadMemory at 0x7ffda4edf4f8 of 40 bytes failed: Only part of a ReadProcessMemory or WriteProcessMemory request was completed. (0x12B)
[0405/170123.035:ERROR:process_memory_win.cc(73)] ReadMemory at 0x7ffda4edf978 of 48 bytes failed: Only part of a ReadProcessMemory or WriteProcessMemory request was completed. (0x12B)
[0405/170123.035:ERROR:process_memory_win.cc(73)] ReadMemory at 0x7ffda4ee53c0 of 64 bytes failed: Only part of a ReadProcessMemory or WriteProcessMemory request was completed. (0x12B)
[0405/170123.037:ERROR:scoped_process_suspend.cc(40)] NtResumeProcess: An attempt was made to access an exiting process. (0xc000010a)
